<?xml version="1.0" encoding="UTF-8"?>
<!-- Generated by org.testng.reporters.JUnitReportReporter -->
<testsuite skipped="0" hostname="DESKTOP-A2435EO" name="magento_Test.Test_MA006_Magento_unsuccesfulLogin" tests="1" failures="0" timestamp="05 Oct 2020 12:45:33 GMT" time="165.367" errors="0">
  <testcase name="unsuccessfulLogin" time="165.367" classname="magento_Test.Test_MA006_Magento_unsuccesfulLogin"/>
</testsuite> <!-- magento_Test.Test_MA006_Magento_unsuccesfulLogin -->
