<?xml version="1.0" encoding="UTF-8"?>
<!-- Generated by org.testng.reporters.JUnitReportReporter -->
<testsuite skipped="0" hostname="DESKTOP-A2435EO" name="magento_Test.Test_MA006_Magneto_Parters" tests="1" failures="0" timestamp="30 Sep 2020 06:34:08 GMT" time="47.939" errors="0">
  <testcase name="choosePartnerTest" time="47.939" classname="magento_Test.Test_MA006_Magneto_Parters"/>
</testsuite> <!-- magento_Test.Test_MA006_Magneto_Parters -->
